<testsuites>
  <testsuite failures="0"
             errors="0"
             time="0.581748008728027"
             tests="7"
             name="00-load_t">
    <testcase time="0.133640050888062"
              name="1 - use Hadoop::Admin;"></testcase>
    <testcase time="0.00237894058227539"
              name="2 - Hadoop::Admin-&gt;can('new')"></testcase>
    <testcase time="0.440765142440796"
              name="3 - The object isa Hadoop::Admin"></testcase>
    <testcase time="0.000391960144042969"
              name="4 - get_namenode() works"></testcase>
    <testcase time="0.000262022018432617"
              name="5 - get_jobtracker() works"></testcase>
    <testcase time="0.000250816345214844"
              name="6 - get_secondarynamenode() works"></testcase>
    <testcase time="0.000216007232666016"
              name="7 - get_socksproxy() works"></testcase>
    <testcase time="0.00358700752258301" name="(teardown)" />
    <system-out><![CDATA[ok 1 - use Hadoop::Admin;
ok 2 - Hadoop::Admin->can('new')
ok 3 - The object isa Hadoop::Admin
ok 4 - get_namenode() works
ok 5 - get_jobtracker() works
ok 6 - get_secondarynamenode() works
ok 7 - get_socksproxy() works
1..7
]]></system-out>
    <system-err></system-err>
  </testsuite>
  <testsuite failures="0"
             errors="0"
             time="0.559923887252808"
             tests="1"
             name="01-parse-nn-jmx_t">
    <testcase time="0.555882930755615" name="1 - Parse Live List"></testcase>
    <testcase time="0.00359606742858887" name="(teardown)" />
    <system-out><![CDATA[ok 1 - Parse Live List
1..1
]]></system-out>
    <system-err></system-err>
  </testsuite>
  <testsuite failures="0"
             errors="0"
             time="0.585206031799316"
             tests="1"
             name="02-parse-jt-jmx_t">
    <testcase time="0.58118200302124" name="1 - Parse Live List"></testcase>
    <testcase time="0.00360512733459473" name="(teardown)" />
    <system-out><![CDATA[ok 1 - Parse Live List
1..1
]]></system-out>
    <system-err></system-err>
  </testsuite>
  <testsuite failures="0"
             errors="0"
             time="0.0672509670257568"
             tests="1"
             name="04-pod_t">
    <testcase time="0.060452938079834" name="(init)" />
    <testcase time="0.00557398796081543"
              name="1 - POD test for blib/lib/Hadoop/Admin.pm"></testcase>
    <testcase time="0.00122404098510742" name="(teardown)" />
    <system-out><![CDATA[1..1
ok 1 - POD test for blib/lib/Hadoop/Admin.pm
]]></system-out>
    <system-err></system-err>
  </testsuite>
</testsuites>